{
  "RSpec": {
    "coverage": {
      "/Users/riku/Dropbox/Ruby2015/ratebeer2/app/models/user.rb": [
        1,
        1,
        null,
        1,
        null,
        1,
        1,
        1,
        1,
        null,
        1,
        null,
        null,
        1,
        null,
        1,
        null,
        1,
        7,
        5,
        null,
        null,
        1,
        12,
        10,
        null,
        27,
        null,
        13,
        10,
        null,
        null,
        1,
        12,
        10,
        null,
        25,
        null,
        11,
        10,
        null,
        null,
        null,
        null
      ],
      "/Users/riku/Dropbox/Ruby2015/ratebeer2/app/models/concerns/rating_methods.rb": [
        1,
        1,
        null,
        1,
        19,
        null,
        null,
        1,
        24,
        null,
        null,
        1,
        7,
        3,
        null,
        null,
        1,
        3,
        1,
        null,
        null,
        null
      ],
      "/Users/riku/Dropbox/Ruby2015/ratebeer2/app/models/rating.rb": [
        1,
        1,
        null,
        1,
        1,
        null,
        1,
        null,
        null,
        null,
        2,
        null,
        1,
        6,
        null,
        null
      ],
      "/Users/riku/Dropbox/Ruby2015/ratebeer2/app/models/brewery.rb": [
        1,
        1,
        null,
        1,
        1,
        32,
        null,
        4,
        4,
        null,
        1,
        1,
        null
      ],
      "/Users/riku/Dropbox/Ruby2015/ratebeer2/app/models/beer.rb": [
        1,
        1,
        null,
        1,
        1,
        1,
        1,
        null,
        1,
        1,
        null,
        1,
        4,
        null,
        null
      ],
      "/Users/riku/Dropbox/Ruby2015/ratebeer2/app/models/style.rb": [
        1,
        1,
        null,
        1,
        null,
        1,
        1,
        null
      ],
      "/Users/riku/Dropbox/Ruby2015/ratebeer2/app/helpers/application_helper.rb": [
        1,
        null,
        1,
        0,
        0,
        0,
        null,
        0,
        null,
        null,
        null,
        1,
        11,
        null,
        null,
        null
      ],
      "/Users/riku/Dropbox/Ruby2015/ratebeer2/app/helpers/beer_clubs_helper.rb": [
        1,
        null
      ],
      "/Users/riku/Dropbox/Ruby2015/ratebeer2/app/helpers/beers_helper.rb": [
        1,
        null
      ],
      "/Users/riku/Dropbox/Ruby2015/ratebeer2/app/helpers/breweries_helper.rb": [
        1,
        null
      ],
      "/Users/riku/Dropbox/Ruby2015/ratebeer2/app/helpers/memberships_helper.rb": [
        1,
        null
      ],
      "/Users/riku/Dropbox/Ruby2015/ratebeer2/app/helpers/users_helper.rb": [
        1,
        null
      ],
      "/Users/riku/Dropbox/Ruby2015/ratebeer2/app/controllers/memberships_controller.rb": [
        1,
        1,
        1,
        null,
        null,
        null,
        1,
        0,
        null,
        null,
        null,
        null,
        1,
        null,
        null,
        null,
        1,
        0,
        0,
        null,
        null,
        null,
        1,
        null,
        null,
        null,
        null,
        1,
        0,
        0,
        null,
        0,
        0,
        0,
        0,
        null,
        0,
        0,
        0,
        null,
        null,
        null,
        null,
        null,
        null,
        1,
        0,
        0,
        0,
        0,
        null,
        0,
        0,
        null,
        null,
        null,
        null,
        null,
        null,
        1,
        0,
        0,
        0,
        0,
        null,
        null,
        null,
        1,
        null,
        1,
        0,
        null,
        null,
        null,
        1,
        0,
        null,
        null
      ],
      "/Users/riku/Dropbox/Ruby2015/ratebeer2/app/controllers/application_controller.rb": [
        1,
        null,
        null,
        1,
        null,
        1,
        null,
        1,
        112,
        88,
        null,
        null,
        1,
        4,
        null,
        null
      ],
      "/Users/riku/Dropbox/Ruby2015/ratebeer2/app/controllers/beer_clubs_controller.rb": [
        1,
        1,
        1,
        null,
        null,
        null,
        1,
        0,
        null,
        null,
        null,
        null,
        1,
        0,
        0,
        null,
        0,
        0,
        null,
        null,
        null,
        null,
        1,
        0,
        null,
        null,
        null,
        1,
        null,
        null,
        null,
        null,
        1,
        0,
        null,
        0,
        0,
        0,
        0,
        null,
        0,
        0,
        null,
        null,
        null,
        null,
        null,
        null,
        1,
        0,
        0,
        0,
        0,
        null,
        0,
        0,
        null,
        null,
        null,
        null,
        null,
        null,
        1,
        0,
        0,
        0,
        0,
        null,
        null,
        null,
        1,
        null,
        1,
        0,
        null,
        null,
        null,
        1,
        0,
        null,
        null
      ],
      "/Users/riku/Dropbox/Ruby2015/ratebeer2/app/controllers/styles_controller.rb": [
        1,
        1,
        1,
        null,
        null,
        null,
        1,
        0,
        null,
        null,
        null,
        null,
        1,
        null,
        null,
        null,
        1,
        0,
        null,
        null,
        null,
        1,
        null,
        null,
        null,
        null,
        1,
        0,
        null,
        0,
        0,
        0,
        0,
        null,
        0,
        0,
        null,
        null,
        null,
        null,
        null,
        null,
        1,
        0,
        0,
        0,
        0,
        null,
        0,
        0,
        null,
        null,
        null,
        null,
        null,
        null,
        1,
        0,
        0,
        0,
        0,
        null,
        null,
        null,
        1,
        null,
        null,
        null,
        null,
        null,
        null,
        null,
        null,
        null,
        null,
        1,
        0,
        null,
        null,
        null,
        1,
        0,
        null,
        null
      ],
      "/Users/riku/Dropbox/Ruby2015/ratebeer2/app/controllers/sessions_controller.rb": [
        1,
        1,
        null,
        null,
        null,
        1,
        10,
        10,
        9,
        9,
        null,
        1,
        null,
        null,
        null,
        1,
        null,
        0,
        null,
        0,
        null,
        null
      ],
      "/Users/riku/Dropbox/Ruby2015/ratebeer2/app/controllers/users_controller.rb": [
        1,
        1,
        null,
        null,
        null,
        1,
        0,
        null,
        null,
        null,
        null,
        1,
        null,
        null,
        null,
        1,
        1,
        null,
        null,
        null,
        1,
        null,
        null,
        null,
        null,
        1,
        1,
        null,
        1,
        1,
        2,
        1,
        null,
        0,
        0,
        null,
        null,
        null,
        null,
        null,
        null,
        1,
        0,
        0,
        0,
        0,
        null,
        0,
        0,
        null,
        null,
        null,
        null,
        null,
        null,
        1,
        0,
        0,
        0,
        null,
        0,
        0,
        0,
        null,
        null,
        null,
        1,
        null,
        1,
        16,
        null,
        null,
        null,
        1,
        1,
        null,
        null
      ],
      "/Users/riku/Dropbox/Ruby2015/ratebeer2/app/models/membership.rb": [
        1,
        1,
        1,
        null
      ],
      "/Users/riku/Dropbox/Ruby2015/ratebeer2/app/models/beer_club.rb": [
        1,
        1,
        1,
        null
      ],
      "/Users/riku/Dropbox/Ruby2015/ratebeer2/app/controllers/beers_controller.rb": [
        1,
        1,
        1,
        1,
        null,
        null,
        null,
        1,
        1,
        null,
        null,
        1,
        4,
        4,
        null,
        null,
        null,
        null,
        1,
        0,
        0,
        null,
        null,
        null,
        1,
        2,
        null,
        null,
        null,
        1,
        null,
        null,
        null,
        null,
        1,
        2,
        null,
        2,
        2,
        2,
        1,
        null,
        2,
        1,
        null,
        null,
        null,
        null,
        null,
        null,
        1,
        0,
        0,
        0,
        0,
        null,
        0,
        0,
        null,
        null,
        null,
        null,
        null,
        null,
        1,
        0,
        0,
        0,
        0,
        null,
        null,
        null,
        1,
        null,
        1,
        0,
        null,
        null,
        null,
        1,
        2,
        null,
        null
      ],
      "/Users/riku/Dropbox/Ruby2015/ratebeer2/app/controllers/breweries_controller.rb": [
        1,
        1,
        1,
        null,
        null,
        null,
        1,
        3,
        3,
        3,
        null,
        null,
        null,
        null,
        1,
        null,
        null,
        null,
        1,
        0,
        null,
        null,
        null,
        1,
        null,
        null,
        null,
        null,
        1,
        0,
        null,
        0,
        0,
        0,
        0,
        null,
        0,
        0,
        null,
        null,
        null,
        null,
        null,
        null,
        1,
        0,
        0,
        0,
        0,
        null,
        0,
        0,
        null,
        null,
        null,
        null,
        null,
        null,
        1,
        0,
        0,
        0,
        0,
        null,
        null,
        null,
        1,
        0,
        0,
        null,
        0,
        null,
        0,
        null,
        null,
        1,
        null,
        null,
        null,
        null,
        null,
        null,
        null,
        null,
        null,
        null,
        1,
        1,
        null,
        null,
        null,
        1,
        0,
        null,
        null
      ],
      "/Users/riku/Dropbox/Ruby2015/ratebeer2/lib/beermapping_api.rb": [
        1,
        null,
        1,
        9,
        14,
        null,
        null,
        1,
        null,
        1,
        null,
        null,
        null,
        5,
        5,
        5,
        null,
        5,
        null,
        3,
        3,
        4,
        null,
        null,
        null,
        1,
        0,
        0,
        null,
        null
      ],
      "/Users/riku/Dropbox/Ruby2015/ratebeer2/app/models/place.rb": [
        1,
        1,
        null,
        1,
        null,
        1,
        5,
        null,
        null,
        null
      ],
      "/Users/riku/Dropbox/Ruby2015/ratebeer2/app/controllers/places_controller.rb": [
        1,
        1,
        null,
        1,
        null,
        null,
        1,
        null,
        null,
        1,
        null,
        null,
        3,
        null,
        3,
        3,
        1,
        null,
        2,
        null,
        null,
        null,
        1,
        null,
        1,
        null,
        null,
        0,
        0,
        null,
        null
      ],
      "/Users/riku/Dropbox/Ruby2015/ratebeer2/app/controllers/ratings_controller.rb": [
        1,
        1,
        1,
        1,
        1,
        1,
        1,
        null,
        null,
        1,
        1,
        1,
        null,
        null,
        1,
        1,
        null,
        1,
        1,
        1,
        null,
        0,
        0,
        null,
        null,
        null,
        1,
        1,
        1,
        1,
        null,
        null
      ]
    },
    "timestamp": 1424302851
  }
}
